-- Install configuration: ""
-- Up-to-date: /home/jack/Desktop/jack_ws/chapt6/chapt6_ws/install/fishbot_description/share/fishbot_description/launch
-- Installing: /home/jack/Desktop/jack_ws/chapt6/chapt6_ws/install/fishbot_description/share/fishbot_description/launch/build
-- Installing: /home/jack/Desktop/jack_ws/chapt6/chapt6_ws/install/fishbot_description/share/fishbot_description/launch/build/.built_by
-- Installing: /home/jack/Desktop/jack_ws/chapt6/chapt6_ws/install/fishbot_description/share/fishbot_description/launch/build/COLCON_IGNORE
-- Installing: /home/jack/Desktop/jack_ws/chapt6/chapt6_ws/install/fishbot_description/share/fishbot_description/launch/log
-- Installing: /home/jack/Desktop/jack_ws/chapt6/chapt6_ws/install/fishbot_description/share/fishbot_description/launch/log/latest_build
-- Installing: /home/jack/Desktop/jack_ws/chapt6/chapt6_ws/install/fishbot_description/share/fishbot_description/launch/log/build_2026-03-06_15-56-11
-- Installing: /home/jack/Desktop/jack_ws/chapt6/chapt6_ws/install/fishbot_description/share/fishbot_description/launch/log/build_2026-03-06_15-56-11/logger_all.log
-- Installing: /home/jack/Desktop/jack_ws/chapt6/chapt6_ws/install/fishbot_description/share/fishbot_description/launch/log/build_2026-03-06_15-56-11/events.log
-- Installing: /home/jack/Desktop/jack_ws/chapt6/chapt6_ws/install/fishbot_description/share/fishbot_description/launch/log/COLCON_IGNORE
-- Installing: /home/jack/Desktop/jack_ws/chapt6/chapt6_ws/install/fishbot_description/share/fishbot_description/launch/log/latest
-- Up-to-date: /home/jack/Desktop/jack_ws/chapt6/chapt6_ws/install/fishbot_description/share/fishbot_description/launch/display_robot.launch.py
-- Up-to-date: /home/jack/Desktop/jack_ws/chapt6/chapt6_ws/install/fishbot_description/share/fishbot_description/launch/gazebo_sim.launch.py
-- Installing: /home/jack/Desktop/jack_ws/chapt6/chapt6_ws/install/fishbot_description/share/fishbot_description/launch/install
-- Installing: /home/jack/Desktop/jack_ws/chapt6/chapt6_ws/install/fishbot_description/share/fishbot_description/launch/install/setup.bash
-- Installing: /home/jack/Desktop/jack_ws/chapt6/chapt6_ws/install/fishbot_description/share/fishbot_description/launch/install/.colcon_install_layout
-- Installing: /home/jack/Desktop/jack_ws/chapt6/chapt6_ws/install/fishbot_description/share/fishbot_description/launch/install/local_setup.zsh
-- Installing: /home/jack/Desktop/jack_ws/chapt6/chapt6_ws/install/fishbot_description/share/fishbot_description/launch/install/local_setup.sh
-- Installing: /home/jack/Desktop/jack_ws/chapt6/chapt6_ws/install/fishbot_description/share/fishbot_description/launch/install/_local_setup_util_ps1.py
-- Installing: /home/jack/Desktop/jack_ws/chapt6/chapt6_ws/install/fishbot_description/share/fishbot_description/launch/install/COLCON_IGNORE
-- Installing: /home/jack/Desktop/jack_ws/chapt6/chapt6_ws/install/fishbot_description/share/fishbot_description/launch/install/setup.zsh
-- Installing: /home/jack/Desktop/jack_ws/chapt6/chapt6_ws/install/fishbot_description/share/fishbot_description/launch/install/setup.sh
-- Installing: /home/jack/Desktop/jack_ws/chapt6/chapt6_ws/install/fishbot_description/share/fishbot_description/launch/install/local_setup.bash
-- Installing: /home/jack/Desktop/jack_ws/chapt6/chapt6_ws/install/fishbot_description/share/fishbot_description/launch/install/_local_setup_util_sh.py
-- Installing: /home/jack/Desktop/jack_ws/chapt6/chapt6_ws/install/fishbot_description/share/fishbot_description/launch/install/local_setup.ps1
-- Installing: /home/jack/Desktop/jack_ws/chapt6/chapt6_ws/install/fishbot_description/share/fishbot_description/launch/install/setup.ps1
-- Up-to-date: /home/jack/Desktop/jack_ws/chapt6/chapt6_ws/install/fishbot_description/share/fishbot_description/urdf
-- Up-to-date: /home/jack/Desktop/jack_ws/chapt6/chapt6_ws/install/fishbot_description/share/fishbot_description/urdf/first_robot.xacro
-- Up-to-date: /home/jack/Desktop/jack_ws/chapt6/chapt6_ws/install/fishbot_description/share/fishbot_description/urdf/fishbot
-- Up-to-date: /home/jack/Desktop/jack_ws/chapt6/chapt6_ws/install/fishbot_description/share/fishbot_description/urdf/fishbot/actuator
-- Up-to-date: /home/jack/Desktop/jack_ws/chapt6/chapt6_ws/install/fishbot_description/share/fishbot_description/urdf/fishbot/actuator/wheel.urdf.xacro
-- Up-to-date: /home/jack/Desktop/jack_ws/chapt6/chapt6_ws/install/fishbot_description/share/fishbot_description/urdf/fishbot/actuator/caster.urdf.xacro
-- Up-to-date: /home/jack/Desktop/jack_ws/chapt6/chapt6_ws/install/fishbot_description/share/fishbot_description/urdf/fishbot/sensor
-- Up-to-date: /home/jack/Desktop/jack_ws/chapt6/chapt6_ws/install/fishbot_description/share/fishbot_description/urdf/fishbot/sensor/laser.urdf.xacro
-- Up-to-date: /home/jack/Desktop/jack_ws/chapt6/chapt6_ws/install/fishbot_description/share/fishbot_description/urdf/fishbot/sensor/camera.urdf.xacro
-- Up-to-date: /home/jack/Desktop/jack_ws/chapt6/chapt6_ws/install/fishbot_description/share/fishbot_description/urdf/fishbot/sensor/imu.urdf.xacro
-- Up-to-date: /home/jack/Desktop/jack_ws/chapt6/chapt6_ws/install/fishbot_description/share/fishbot_description/urdf/fishbot/base.urdf.xacro
-- Up-to-date: /home/jack/Desktop/jack_ws/chapt6/chapt6_ws/install/fishbot_description/share/fishbot_description/urdf/fishbot/fishbot.urdf.xacro
-- Up-to-date: /home/jack/Desktop/jack_ws/chapt6/chapt6_ws/install/fishbot_description/share/fishbot_description/urdf/first_robot.urdf
-- Up-to-date: /home/jack/Desktop/jack_ws/chapt6/chapt6_ws/install/fishbot_description/share/fishbot_description/urdf/first_robot.pdf
-- Up-to-date: /home/jack/Desktop/jack_ws/chapt6/chapt6_ws/install/fishbot_description/share/fishbot_description/urdf/first_robot.gv
-- Up-to-date: /home/jack/Desktop/jack_ws/chapt6/chapt6_ws/install/fishbot_description/share/fishbot_description/config
-- Up-to-date: /home/jack/Desktop/jack_ws/chapt6/chapt6_ws/install/fishbot_description/share/fishbot_description/config/display_robot_model.rviz
-- Up-to-date: /home/jack/Desktop/jack_ws/chapt6/chapt6_ws/install/fishbot_description/share/ament_index/resource_index/package_run_dependencies/fishbot_description
-- Up-to-date: /home/jack/Desktop/jack_ws/chapt6/chapt6_ws/install/fishbot_description/share/ament_index/resource_index/parent_prefix_path/fishbot_description
-- Up-to-date: /home/jack/Desktop/jack_ws/chapt6/chapt6_ws/install/fishbot_description/share/fishbot_description/environment/ament_prefix_path.sh
-- Up-to-date: /home/jack/Desktop/jack_ws/chapt6/chapt6_ws/install/fishbot_description/share/fishbot_description/environment/ament_prefix_path.dsv
-- Up-to-date: /home/jack/Desktop/jack_ws/chapt6/chapt6_ws/install/fishbot_description/share/fishbot_description/environment/path.sh
-- Up-to-date: /home/jack/Desktop/jack_ws/chapt6/chapt6_ws/install/fishbot_description/share/fishbot_description/environment/path.dsv
-- Up-to-date: /home/jack/Desktop/jack_ws/chapt6/chapt6_ws/install/fishbot_description/share/fishbot_description/local_setup.bash
-- Up-to-date: /home/jack/Desktop/jack_ws/chapt6/chapt6_ws/install/fishbot_description/share/fishbot_description/local_setup.sh
-- Up-to-date: /home/jack/Desktop/jack_ws/chapt6/chapt6_ws/install/fishbot_description/share/fishbot_description/local_setup.zsh
-- Up-to-date: /home/jack/Desktop/jack_ws/chapt6/chapt6_ws/install/fishbot_description/share/fishbot_description/local_setup.dsv
-- Installing: /home/jack/Desktop/jack_ws/chapt6/chapt6_ws/install/fishbot_description/share/fishbot_description/package.dsv
-- Up-to-date: /home/jack/Desktop/jack_ws/chapt6/chapt6_ws/install/fishbot_description/share/ament_index/resource_index/packages/fishbot_description
-- Up-to-date: /home/jack/Desktop/jack_ws/chapt6/chapt6_ws/install/fishbot_description/share/fishbot_description/cmake/fishbot_descriptionConfig.cmake
-- Up-to-date: /home/jack/Desktop/jack_ws/chapt6/chapt6_ws/install/fishbot_description/share/fishbot_description/cmake/fishbot_descriptionConfig-version.cmake
-- Up-to-date: /home/jack/Desktop/jack_ws/chapt6/chapt6_ws/install/fishbot_description/share/fishbot_description/package.xml
