[0.112s] DEBUG:colcon:Command line arguments: ['/usr/bin/colcon', 'build']
[0.112s] DEBUG:colcon:Parsed command line arguments: Namespace(log_base=None, log_level=None, verb_name='build', build_base='build', install_base='install', merge_install=False, symlink_install=False, test_result_base=None, continue_on_error=False, executor='parallel', parallel_workers=16, event_handlers=None, ignore_user_meta=False, metas=['./colcon.meta'], base_paths=['.'], packages_ignore=None, packages_ignore_regex=None, paths=None, packages_up_to=None, packages_up_to_regex=None, packages_above=None, packages_above_and_dependencies=None, packages_above_depth=None, packages_select_by_dep=None, packages_skip_by_dep=None, packages_skip_up_to=None, packages_select_build_failed=False, packages_skip_build_finished=False, packages_select_test_failures=False, packages_skip_test_passed=False, packages_select=None, packages_skip=None, packages_select_regex=None, packages_skip_regex=None, packages_start=None, packages_end=None, allow_overriding=[], cmake_args=None, cmake_target=None, cmake_target_skip_unavailable=False, cmake_clean_cache=False, cmake_clean_first=False, cmake_force_configure=False, ament_cmake_args=None, catkin_cmake_args=None, catkin_skip_building_tests=False, verb_parser=<colcon_defaults.argument_parser.defaults.DefaultArgumentsDecorator object at 0x74a610f031f0>, verb_extension=<colcon_core.verb.build.BuildVerb object at 0x74a610f028f0>, main=<bound method BuildVerb.main of <colcon_core.verb.build.BuildVerb object at 0x74a610f028f0>>)
[0.305s] Level 1:colcon.colcon_core.package_discovery:discover_packages(colcon_meta) check parameters
[0.305s] Level 1:colcon.colcon_core.package_discovery:discover_packages(recursive) check parameters
[0.305s] Level 1:colcon.colcon_core.package_discovery:discover_packages(ignore) check parameters
[0.305s] Level 1:colcon.colcon_core.package_discovery:discover_packages(path) check parameters
[0.305s] Level 1:colcon.colcon_core.package_discovery:discover_packages(colcon_meta) discover
[0.305s] Level 1:colcon.colcon_core.package_discovery:discover_packages(recursive) discover
[0.305s] INFO:colcon.colcon_core.package_discovery:Crawling recursively for packages in '/home/jack/Desktop/jack_ws/chapt6'
[0.305s] Level 1:colcon.colcon_core.package_identification:_identify(.) by extensions ['ignore', 'ignore_ament_install']
[0.305s] Level 1:colcon.colcon_core.package_identification:_identify(.) by extension 'ignore'
[0.305s] Level 1:colcon.colcon_core.package_identification:_identify(.) by extension 'ignore_ament_install'
[0.305s] Level 1:colcon.colcon_core.package_identification:_identify(.) by extensions ['colcon_pkg']
[0.305s] Level 1:colcon.colcon_core.package_identification:_identify(.) by extension 'colcon_pkg'
[0.306s] Level 1:colcon.colcon_core.package_identification:_identify(.) by extensions ['colcon_meta']
[0.306s] Level 1:colcon.colcon_core.package_identification:_identify(.) by extension 'colcon_meta'
[0.306s] Level 1:colcon.colcon_core.package_identification:_identify(.) by extensions ['ros']
[0.306s] Level 1:colcon.colcon_core.package_identification:_identify(.) by extension 'ros'
[0.316s] Level 1:colcon.colcon_core.package_identification:_identify(.) by extensions ['cmake', 'python']
[0.316s] Level 1:colcon.colcon_core.package_identification:_identify(.) by extension 'cmake'
[0.316s] Level 1:colcon.colcon_core.package_identification:_identify(.) by extension 'python'
[0.316s] Level 1:colcon.colcon_core.package_identification:_identify(.) by extensions ['python_setup_py']
[0.316s] Level 1:colcon.colcon_core.package_identification:_identify(.) by extension 'python_setup_py'
[0.316s] Level 1:colcon.colcon_core.package_identification:_identify(build) by extensions ['ignore', 'ignore_ament_install']
[0.317s] Level 1:colcon.colcon_core.package_identification:_identify(build) by extension 'ignore'
[0.317s] Level 1:colcon.colcon_core.package_identification:_identify(build) ignored
[0.317s] Level 1:colcon.colcon_core.package_identification:_identify(chapt6_ws) by extensions ['ignore', 'ignore_ament_install']
[0.317s] Level 1:colcon.colcon_core.package_identification:_identify(chapt6_ws) by extension 'ignore'
[0.317s] Level 1:colcon.colcon_core.package_identification:_identify(chapt6_ws) by extension 'ignore_ament_install'
[0.317s] Level 1:colcon.colcon_core.package_identification:_identify(chapt6_ws) by extensions ['colcon_pkg']
[0.317s] Level 1:colcon.colcon_core.package_identification:_identify(chapt6_ws) by extension 'colcon_pkg'
[0.317s] Level 1:colcon.colcon_core.package_identification:_identify(chapt6_ws) by extensions ['colcon_meta']
[0.317s] Level 1:colcon.colcon_core.package_identification:_identify(chapt6_ws) by extension 'colcon_meta'
[0.317s] Level 1:colcon.colcon_core.package_identification:_identify(chapt6_ws) by extensions ['ros']
[0.317s] Level 1:colcon.colcon_core.package_identification:_identify(chapt6_ws) by extension 'ros'
[0.317s] Level 1:colcon.colcon_core.package_identification:_identify(chapt6_ws) by extensions ['cmake', 'python']
[0.317s] Level 1:colcon.colcon_core.package_identification:_identify(chapt6_ws) by extension 'cmake'
[0.317s] Level 1:colcon.colcon_core.package_identification:_identify(chapt6_ws) by extension 'python'
[0.317s] Level 1:colcon.colcon_core.package_identification:_identify(chapt6_ws) by extensions ['python_setup_py']
[0.317s] Level 1:colcon.colcon_core.package_identification:_identify(chapt6_ws) by extension 'python_setup_py'
[0.317s] Level 1:colcon.colcon_core.package_identification:_identify(chapt6_ws/src) by extensions ['ignore', 'ignore_ament_install']
[0.317s] Level 1:colcon.colcon_core.package_identification:_identify(chapt6_ws/src) by extension 'ignore'
[0.317s] Level 1:colcon.colcon_core.package_identification:_identify(chapt6_ws/src) by extension 'ignore_ament_install'
[0.317s] Level 1:colcon.colcon_core.package_identification:_identify(chapt6_ws/src) by extensions ['colcon_pkg']
[0.317s] Level 1:colcon.colcon_core.package_identification:_identify(chapt6_ws/src) by extension 'colcon_pkg'
[0.318s] Level 1:colcon.colcon_core.package_identification:_identify(chapt6_ws/src) by extensions ['colcon_meta']
[0.318s] Level 1:colcon.colcon_core.package_identification:_identify(chapt6_ws/src) by extension 'colcon_meta'
[0.318s] Level 1:colcon.colcon_core.package_identification:_identify(chapt6_ws/src) by extensions ['ros']
[0.318s] Level 1:colcon.colcon_core.package_identification:_identify(chapt6_ws/src) by extension 'ros'
[0.318s] Level 1:colcon.colcon_core.package_identification:_identify(chapt6_ws/src) by extensions ['cmake', 'python']
[0.318s] Level 1:colcon.colcon_core.package_identification:_identify(chapt6_ws/src) by extension 'cmake'
[0.318s] Level 1:colcon.colcon_core.package_identification:_identify(chapt6_ws/src) by extension 'python'
[0.318s] Level 1:colcon.colcon_core.package_identification:_identify(chapt6_ws/src) by extensions ['python_setup_py']
[0.318s] Level 1:colcon.colcon_core.package_identification:_identify(chapt6_ws/src) by extension 'python_setup_py'
[0.318s] Level 1:colcon.colcon_core.package_identification:_identify(chapt6_ws/src/fishbot_description) by extensions ['ignore', 'ignore_ament_install']
[0.318s] Level 1:colcon.colcon_core.package_identification:_identify(chapt6_ws/src/fishbot_description) by extension 'ignore'
[0.318s] Level 1:colcon.colcon_core.package_identification:_identify(chapt6_ws/src/fishbot_description) by extension 'ignore_ament_install'
[0.318s] Level 1:colcon.colcon_core.package_identification:_identify(chapt6_ws/src/fishbot_description) by extensions ['colcon_pkg']
[0.318s] Level 1:colcon.colcon_core.package_identification:_identify(chapt6_ws/src/fishbot_description) by extension 'colcon_pkg'
[0.318s] Level 1:colcon.colcon_core.package_identification:_identify(chapt6_ws/src/fishbot_description) by extensions ['colcon_meta']
[0.318s] Level 1:colcon.colcon_core.package_identification:_identify(chapt6_ws/src/fishbot_description) by extension 'colcon_meta'
[0.318s] Level 1:colcon.colcon_core.package_identification:_identify(chapt6_ws/src/fishbot_description) by extensions ['ros']
[0.318s] Level 1:colcon.colcon_core.package_identification:_identify(chapt6_ws/src/fishbot_description) by extension 'ros'
[0.321s] DEBUG:colcon.colcon_core.package_identification:Package 'chapt6_ws/src/fishbot_description' with type 'ros.ament_cmake' and name 'fishbot_description'
[0.321s] Level 1:colcon.colcon_core.package_identification:_identify(chapt6_ws/src/launch) by extensions ['ignore', 'ignore_ament_install']
[0.321s] Level 1:colcon.colcon_core.package_identification:_identify(chapt6_ws/src/launch) by extension 'ignore'
[0.321s] Level 1:colcon.colcon_core.package_identification:_identify(chapt6_ws/src/launch) by extension 'ignore_ament_install'
[0.321s] Level 1:colcon.colcon_core.package_identification:_identify(chapt6_ws/src/launch) by extensions ['colcon_pkg']
[0.321s] Level 1:colcon.colcon_core.package_identification:_identify(chapt6_ws/src/launch) by extension 'colcon_pkg'
[0.321s] Level 1:colcon.colcon_core.package_identification:_identify(chapt6_ws/src/launch) by extensions ['colcon_meta']
[0.321s] Level 1:colcon.colcon_core.package_identification:_identify(chapt6_ws/src/launch) by extension 'colcon_meta'
[0.321s] Level 1:colcon.colcon_core.package_identification:_identify(chapt6_ws/src/launch) by extensions ['ros']
[0.321s] Level 1:colcon.colcon_core.package_identification:_identify(chapt6_ws/src/launch) by extension 'ros'
[0.321s] Level 1:colcon.colcon_core.package_identification:_identify(chapt6_ws/src/launch) by extensions ['cmake', 'python']
[0.321s] Level 1:colcon.colcon_core.package_identification:_identify(chapt6_ws/src/launch) by extension 'cmake'
[0.321s] Level 1:colcon.colcon_core.package_identification:_identify(chapt6_ws/src/launch) by extension 'python'
[0.321s] Level 1:colcon.colcon_core.package_identification:_identify(chapt6_ws/src/launch) by extensions ['python_setup_py']
[0.321s] Level 1:colcon.colcon_core.package_identification:_identify(chapt6_ws/src/launch) by extension 'python_setup_py'
[0.322s] Level 1:colcon.colcon_core.package_identification:_identify(install) by extensions ['ignore', 'ignore_ament_install']
[0.322s] Level 1:colcon.colcon_core.package_identification:_identify(install) by extension 'ignore'
[0.322s] Level 1:colcon.colcon_core.package_identification:_identify(install) ignored
[0.322s] Level 1:colcon.colcon_core.package_identification:_identify(log) by extensions ['ignore', 'ignore_ament_install']
[0.322s] Level 1:colcon.colcon_core.package_identification:_identify(log) by extension 'ignore'
[0.322s] Level 1:colcon.colcon_core.package_identification:_identify(log) ignored
[0.322s] Level 1:colcon.colcon_core.package_discovery:discover_packages(recursive) using defaults
[0.322s] Level 1:colcon.colcon_core.package_discovery:discover_packages(ignore) discover
[0.322s] Level 1:colcon.colcon_core.package_discovery:discover_packages(ignore) using defaults
[0.322s] Level 1:colcon.colcon_core.package_discovery:discover_packages(path) discover
[0.322s] Level 1:colcon.colcon_core.package_discovery:discover_packages(path) using defaults
[0.340s] Level 1:colcon.colcon_core.package_discovery:discover_packages(prefix_path) check parameters
[0.341s] Level 1:colcon.colcon_core.package_discovery:discover_packages(prefix_path) discover
[0.344s] DEBUG:colcon.colcon_installed_package_information.package_discovery:Found 273 installed packages in /opt/ros/humble
[0.346s] Level 1:colcon.colcon_core.package_discovery:discover_packages(prefix_path) using defaults
[0.387s] Level 5:colcon.colcon_core.verb:set package 'fishbot_description' build argument 'cmake_args' from command line to 'None'
[0.388s] Level 5:colcon.colcon_core.verb:set package 'fishbot_description' build argument 'cmake_target' from command line to 'None'
[0.388s] Level 5:colcon.colcon_core.verb:set package 'fishbot_description' build argument 'cmake_target_skip_unavailable' from command line to 'False'
[0.388s] Level 5:colcon.colcon_core.verb:set package 'fishbot_description' build argument 'cmake_clean_cache' from command line to 'False'
[0.388s] Level 5:colcon.colcon_core.verb:set package 'fishbot_description' build argument 'cmake_clean_first' from command line to 'False'
[0.388s] Level 5:colcon.colcon_core.verb:set package 'fishbot_description' build argument 'cmake_force_configure' from command line to 'False'
[0.388s] Level 5:colcon.colcon_core.verb:set package 'fishbot_description' build argument 'ament_cmake_args' from command line to 'None'
[0.388s] Level 5:colcon.colcon_core.verb:set package 'fishbot_description' build argument 'catkin_cmake_args' from command line to 'None'
[0.388s] Level 5:colcon.colcon_core.verb:set package 'fishbot_description' build argument 'catkin_skip_building_tests' from command line to 'False'
[0.388s] DEBUG:colcon.colcon_core.verb:Building package 'fishbot_description' with the following arguments: {'ament_cmake_args': None, 'build_base': '/home/jack/Desktop/jack_ws/chapt6/build/fishbot_description', 'catkin_cmake_args': None, 'catkin_skip_building_tests': False, 'cmake_args': None, 'cmake_clean_cache': False, 'cmake_clean_first': False, 'cmake_force_configure': False, 'cmake_target': None, 'cmake_target_skip_unavailable': False, 'install_base': '/home/jack/Desktop/jack_ws/chapt6/install/fishbot_description', 'merge_install': False, 'path': '/home/jack/Desktop/jack_ws/chapt6/chapt6_ws/src/fishbot_description', 'symlink_install': False, 'test_result_base': None}
[0.388s] INFO:colcon.colcon_core.executor:Executing jobs using 'parallel' executor
[0.389s] DEBUG:colcon.colcon_parallel_executor.executor.parallel:run_until_complete
[0.389s] INFO:colcon.colcon_ros.task.ament_cmake.build:Building ROS package in '/home/jack/Desktop/jack_ws/chapt6/chapt6_ws/src/fishbot_description' with build type 'ament_cmake'
[0.389s] INFO:colcon.colcon_cmake.task.cmake.build:Building CMake package in '/home/jack/Desktop/jack_ws/chapt6/chapt6_ws/src/fishbot_description'
[0.392s] INFO:colcon.colcon_core.plugin_system:Skipping extension 'colcon_core.shell.bat': Not used on non-Windows systems
[0.392s] INFO:colcon.colcon_core.shell:Skip shell extension 'powershell' for command environment: Not usable outside of PowerShell
[0.392s] DEBUG:colcon.colcon_core.shell:Skip shell extension 'dsv' for command environment
[0.398s] DEBUG:colcon.colcon_core.event_handler.log_command:Invoking command in '/home/jack/Desktop/jack_ws/chapt6/build/fishbot_description': CMAKE_PREFIX_PATH=/opt/ros/humble /usr/bin/cmake /home/jack/Desktop/jack_ws/chapt6/chapt6_ws/src/fishbot_description -DCMAKE_INSTALL_PREFIX=/home/jack/Desktop/jack_ws/chapt6/install/fishbot_description
[1.169s] DEBUG:colcon.colcon_core.event_handler.log_command:Invoked command in '/home/jack/Desktop/jack_ws/chapt6/build/fishbot_description' returned '0': CMAKE_PREFIX_PATH=/opt/ros/humble /usr/bin/cmake /home/jack/Desktop/jack_ws/chapt6/chapt6_ws/src/fishbot_description -DCMAKE_INSTALL_PREFIX=/home/jack/Desktop/jack_ws/chapt6/install/fishbot_description
[1.170s] DEBUG:colcon.colcon_core.event_handler.log_command:Invoking command in '/home/jack/Desktop/jack_ws/chapt6/build/fishbot_description': CMAKE_PREFIX_PATH=/opt/ros/humble /usr/bin/cmake --build /home/jack/Desktop/jack_ws/chapt6/build/fishbot_description -- -j16 -l16
[1.210s] DEBUG:colcon.colcon_core.event_handler.log_command:Invoked command in '/home/jack/Desktop/jack_ws/chapt6/build/fishbot_description' returned '0': CMAKE_PREFIX_PATH=/opt/ros/humble /usr/bin/cmake --build /home/jack/Desktop/jack_ws/chapt6/build/fishbot_description -- -j16 -l16
[1.220s] DEBUG:colcon.colcon_core.event_handler.log_command:Invoking command in '/home/jack/Desktop/jack_ws/chapt6/build/fishbot_description': CMAKE_PREFIX_PATH=/opt/ros/humble /usr/bin/cmake --install /home/jack/Desktop/jack_ws/chapt6/build/fishbot_description
[1.232s] Level 1:colcon.colcon_core.environment:create_environment_scripts_only(fishbot_description)
[1.232s] DEBUG:colcon.colcon_core.event_handler.log_command:Invoked command in '/home/jack/Desktop/jack_ws/chapt6/build/fishbot_description' returned '0': CMAKE_PREFIX_PATH=/opt/ros/humble /usr/bin/cmake --install /home/jack/Desktop/jack_ws/chapt6/build/fishbot_description
[1.236s] Level 1:colcon.colcon_core.environment:checking '/home/jack/Desktop/jack_ws/chapt6/install/fishbot_description' for CMake module files
[1.237s] Level 1:colcon.colcon_core.environment:checking '/home/jack/Desktop/jack_ws/chapt6/install/fishbot_description' for CMake config files
[1.237s] Level 1:colcon.colcon_core.shell:create_environment_hook('fishbot_description', 'cmake_prefix_path')
[1.237s] INFO:colcon.colcon_core.shell:Creating environment hook '/home/jack/Desktop/jack_ws/chapt6/install/fishbot_description/share/fishbot_description/hook/cmake_prefix_path.ps1'
[1.238s] INFO:colcon.colcon_core.shell:Creating environment descriptor '/home/jack/Desktop/jack_ws/chapt6/install/fishbot_description/share/fishbot_description/hook/cmake_prefix_path.dsv'
[1.239s] INFO:colcon.colcon_core.shell:Creating environment hook '/home/jack/Desktop/jack_ws/chapt6/install/fishbot_description/share/fishbot_description/hook/cmake_prefix_path.sh'
[1.240s] Level 1:colcon.colcon_core.environment:checking '/home/jack/Desktop/jack_ws/chapt6/install/fishbot_description/bin'
[1.240s] Level 1:colcon.colcon_core.environment:checking '/home/jack/Desktop/jack_ws/chapt6/install/fishbot_description/lib/pkgconfig/fishbot_description.pc'
[1.240s] Level 1:colcon.colcon_core.environment:checking '/home/jack/Desktop/jack_ws/chapt6/install/fishbot_description/lib/python3.10/site-packages'
[1.240s] Level 1:colcon.colcon_core.environment:checking '/home/jack/Desktop/jack_ws/chapt6/install/fishbot_description/bin'
[1.240s] INFO:colcon.colcon_core.shell:Creating package script '/home/jack/Desktop/jack_ws/chapt6/install/fishbot_description/share/fishbot_description/package.ps1'
[1.241s] INFO:colcon.colcon_core.shell:Creating package descriptor '/home/jack/Desktop/jack_ws/chapt6/install/fishbot_description/share/fishbot_description/package.dsv'
[1.242s] INFO:colcon.colcon_core.shell:Creating package script '/home/jack/Desktop/jack_ws/chapt6/install/fishbot_description/share/fishbot_description/package.sh'
[1.242s] INFO:colcon.colcon_core.shell:Creating package script '/home/jack/Desktop/jack_ws/chapt6/install/fishbot_description/share/fishbot_description/package.bash'
[1.243s] INFO:colcon.colcon_core.shell:Creating package script '/home/jack/Desktop/jack_ws/chapt6/install/fishbot_description/share/fishbot_description/package.zsh'
[1.243s] Level 1:colcon.colcon_core.environment:create_file_with_runtime_dependencies(/home/jack/Desktop/jack_ws/chapt6/install/fishbot_description/share/colcon-core/packages/fishbot_description)
[1.244s] Level 1:colcon.colcon_core.environment:create_environment_scripts_only(fishbot_description)
[1.244s] Level 1:colcon.colcon_core.environment:checking '/home/jack/Desktop/jack_ws/chapt6/install/fishbot_description' for CMake module files
[1.244s] Level 1:colcon.colcon_core.environment:checking '/home/jack/Desktop/jack_ws/chapt6/install/fishbot_description' for CMake config files
[1.245s] Level 1:colcon.colcon_core.shell:create_environment_hook('fishbot_description', 'cmake_prefix_path')
[1.245s] INFO:colcon.colcon_core.shell:Creating environment hook '/home/jack/Desktop/jack_ws/chapt6/install/fishbot_description/share/fishbot_description/hook/cmake_prefix_path.ps1'
[1.245s] INFO:colcon.colcon_core.shell:Creating environment descriptor '/home/jack/Desktop/jack_ws/chapt6/install/fishbot_description/share/fishbot_description/hook/cmake_prefix_path.dsv'
[1.245s] INFO:colcon.colcon_core.shell:Creating environment hook '/home/jack/Desktop/jack_ws/chapt6/install/fishbot_description/share/fishbot_description/hook/cmake_prefix_path.sh'
[1.246s] Level 1:colcon.colcon_core.environment:checking '/home/jack/Desktop/jack_ws/chapt6/install/fishbot_description/bin'
[1.246s] Level 1:colcon.colcon_core.environment:checking '/home/jack/Desktop/jack_ws/chapt6/install/fishbot_description/lib/pkgconfig/fishbot_description.pc'
[1.246s] Level 1:colcon.colcon_core.environment:checking '/home/jack/Desktop/jack_ws/chapt6/install/fishbot_description/lib/python3.10/site-packages'
[1.246s] Level 1:colcon.colcon_core.environment:checking '/home/jack/Desktop/jack_ws/chapt6/install/fishbot_description/bin'
[1.247s] INFO:colcon.colcon_core.shell:Creating package script '/home/jack/Desktop/jack_ws/chapt6/install/fishbot_description/share/fishbot_description/package.ps1'
[1.247s] INFO:colcon.colcon_core.shell:Creating package descriptor '/home/jack/Desktop/jack_ws/chapt6/install/fishbot_description/share/fishbot_description/package.dsv'
[1.247s] INFO:colcon.colcon_core.shell:Creating package script '/home/jack/Desktop/jack_ws/chapt6/install/fishbot_description/share/fishbot_description/package.sh'
[1.248s] INFO:colcon.colcon_core.shell:Creating package script '/home/jack/Desktop/jack_ws/chapt6/install/fishbot_description/share/fishbot_description/package.bash'
[1.248s] INFO:colcon.colcon_core.shell:Creating package script '/home/jack/Desktop/jack_ws/chapt6/install/fishbot_description/share/fishbot_description/package.zsh'
[1.248s] Level 1:colcon.colcon_core.environment:create_file_with_runtime_dependencies(/home/jack/Desktop/jack_ws/chapt6/install/fishbot_description/share/colcon-core/packages/fishbot_description)
[1.249s] DEBUG:colcon.colcon_parallel_executor.executor.parallel:closing loop
[1.249s] DEBUG:colcon.colcon_parallel_executor.executor.parallel:loop closed
[1.249s] DEBUG:colcon.colcon_parallel_executor.executor.parallel:run_until_complete finished with '0'
[1.249s] DEBUG:colcon.colcon_core.event_reactor:joining thread
[1.254s] INFO:colcon.colcon_core.plugin_system:Skipping extension 'colcon_notification.desktop_notification.terminal_notifier': Not used on non-Darwin systems
[1.254s] INFO:colcon.colcon_core.plugin_system:Skipping extension 'colcon_notification.desktop_notification.win32': Not used on non-Windows systems
[1.254s] INFO:colcon.colcon_notification.desktop_notification:Sending desktop notification using 'notify2'
[1.265s] DEBUG:colcon.colcon_core.event_reactor:joined thread
[1.266s] INFO:colcon.colcon_core.shell:Creating prefix script '/home/jack/Desktop/jack_ws/chapt6/install/local_setup.ps1'
[1.266s] INFO:colcon.colcon_core.shell:Creating prefix util module '/home/jack/Desktop/jack_ws/chapt6/install/_local_setup_util_ps1.py'
[1.268s] INFO:colcon.colcon_core.shell:Creating prefix chain script '/home/jack/Desktop/jack_ws/chapt6/install/setup.ps1'
[1.268s] INFO:colcon.colcon_core.shell:Creating prefix script '/home/jack/Desktop/jack_ws/chapt6/install/local_setup.sh'
[1.269s] INFO:colcon.colcon_core.shell:Creating prefix util module '/home/jack/Desktop/jack_ws/chapt6/install/_local_setup_util_sh.py'
[1.269s] INFO:colcon.colcon_core.shell:Creating prefix chain script '/home/jack/Desktop/jack_ws/chapt6/install/setup.sh'
[1.270s] INFO:colcon.colcon_core.shell:Creating prefix script '/home/jack/Desktop/jack_ws/chapt6/install/local_setup.bash'
[1.270s] INFO:colcon.colcon_core.shell:Creating prefix chain script '/home/jack/Desktop/jack_ws/chapt6/install/setup.bash'
[1.271s] INFO:colcon.colcon_core.shell:Creating prefix script '/home/jack/Desktop/jack_ws/chapt6/install/local_setup.zsh'
[1.272s] INFO:colcon.colcon_core.shell:Creating prefix chain script '/home/jack/Desktop/jack_ws/chapt6/install/setup.zsh'
