[0.008s] Invoking command in '/home/jack/Desktop/jack_ws/chapt6/chapt6_ws/build/fishbot_description': CMAKE_PREFIX_PATH=${CMAKE_PREFIX_PATH}:/opt/ros/humble /usr/bin/cmake /home/jack/Desktop/jack_ws/chapt6/chapt6_ws/src/fishbot_description -DCMAKE_INSTALL_PREFIX=/home/jack/Desktop/jack_ws/chapt6/chapt6_ws/install/fishbot_description
[0.156s] -- The C compiler identification is GNU 11.4.0
[0.228s] -- The CXX compiler identification is GNU 11.4.0
[0.235s] -- Detecting C compiler ABI info
[0.297s] -- Detecting C compiler ABI info - done
[0.303s] -- Check for working C compiler: /usr/bin/cc - skipped
[0.303s] -- Detecting C compile features
[0.304s] -- Detecting C compile features - done
[0.306s] -- Detecting CXX compiler ABI info
[0.376s] -- Detecting CXX compiler ABI info - done
[0.382s] -- Check for working CXX compiler: /usr/bin/c++ - skipped
[0.382s] -- Detecting CXX compile features
[0.382s] -- Detecting CXX compile features - done
[0.386s] -- Found ament_cmake: 1.3.13 (/opt/ros/humble/share/ament_cmake/cmake)
[0.508s] -- Found Python3: /usr/bin/python3 (found version "3.10.12") found components: Interpreter 
[0.579s] -- Found urdf: 2.6.1 (/opt/ros/humble/share/urdf/cmake)
[0.620s] -- Found ament_lint_auto: 0.12.15 (/opt/ros/humble/share/ament_lint_auto/cmake)
[0.691s] -- Added test 'cppcheck' to perform static code analysis on C / C++ code
[0.691s] -- Configured cppcheck include dirs: 
[0.691s] -- Configured cppcheck exclude dirs and/or files: 
[0.692s] -- Added test 'flake8' to check Python code syntax and style conventions
[0.695s] -- Added test 'lint_cmake' to check CMake code style
[0.697s] -- Added test 'pep257' to check Python code against some of the docstring style conventions in PEP 257
[0.708s] -- Added test 'uncrustify' to check C / C++ code style
[0.708s] -- Configured uncrustify additional arguments: 
[0.709s] -- Added test 'xmllint' to check XML markup files
[0.711s] -- Configuring done
[0.714s] -- Generating done
[0.715s] -- Build files have been written to: /home/jack/Desktop/jack_ws/chapt6/chapt6_ws/build/fishbot_description
[0.722s] Invoked command in '/home/jack/Desktop/jack_ws/chapt6/chapt6_ws/build/fishbot_description' returned '0': CMAKE_PREFIX_PATH=${CMAKE_PREFIX_PATH}:/opt/ros/humble /usr/bin/cmake /home/jack/Desktop/jack_ws/chapt6/chapt6_ws/src/fishbot_description -DCMAKE_INSTALL_PREFIX=/home/jack/Desktop/jack_ws/chapt6/chapt6_ws/install/fishbot_description
[0.723s] Invoking command in '/home/jack/Desktop/jack_ws/chapt6/chapt6_ws/build/fishbot_description': CMAKE_PREFIX_PATH=${CMAKE_PREFIX_PATH}:/opt/ros/humble /usr/bin/cmake --build /home/jack/Desktop/jack_ws/chapt6/chapt6_ws/build/fishbot_description -- -j16 -l16
[0.756s] Invoked command in '/home/jack/Desktop/jack_ws/chapt6/chapt6_ws/build/fishbot_description' returned '0': CMAKE_PREFIX_PATH=${CMAKE_PREFIX_PATH}:/opt/ros/humble /usr/bin/cmake --build /home/jack/Desktop/jack_ws/chapt6/chapt6_ws/build/fishbot_description -- -j16 -l16
[0.765s] Invoking command in '/home/jack/Desktop/jack_ws/chapt6/chapt6_ws/build/fishbot_description': CMAKE_PREFIX_PATH=${CMAKE_PREFIX_PATH}:/opt/ros/humble /usr/bin/cmake --install /home/jack/Desktop/jack_ws/chapt6/chapt6_ws/build/fishbot_description
[0.770s] -- Install configuration: ""
[0.770s] -- Installing: /home/jack/Desktop/jack_ws/chapt6/chapt6_ws/install/fishbot_description/share/fishbot_description/launch
[0.770s] -- Installing: /home/jack/Desktop/jack_ws/chapt6/chapt6_ws/install/fishbot_description/share/fishbot_description/launch/display_robot.launch.py
[0.771s] -- Installing: /home/jack/Desktop/jack_ws/chapt6/chapt6_ws/install/fishbot_description/share/fishbot_description/urdf
[0.771s] -- Installing: /home/jack/Desktop/jack_ws/chapt6/chapt6_ws/install/fishbot_description/share/fishbot_description/urdf/first_robot.xacro
[0.771s] -- Installing: /home/jack/Desktop/jack_ws/chapt6/chapt6_ws/install/fishbot_description/share/fishbot_description/urdf/fishbot
[0.771s] -- Installing: /home/jack/Desktop/jack_ws/chapt6/chapt6_ws/install/fishbot_description/share/fishbot_description/urdf/fishbot/sensor
[0.771s] -- Installing: /home/jack/Desktop/jack_ws/chapt6/chapt6_ws/install/fishbot_description/share/fishbot_description/urdf/fishbot/sensor/laser.urdf.xacro
[0.771s] -- Installing: /home/jack/Desktop/jack_ws/chapt6/chapt6_ws/install/fishbot_description/share/fishbot_description/urdf/fishbot/sensor/camera.urdf.xacro
[0.771s] -- Installing: /home/jack/Desktop/jack_ws/chapt6/chapt6_ws/install/fishbot_description/share/fishbot_description/urdf/fishbot/sensor/imu.urdf.xacro
[0.771s] -- Installing: /home/jack/Desktop/jack_ws/chapt6/chapt6_ws/install/fishbot_description/share/fishbot_description/urdf/fishbot/base.urdf.xacro
[0.771s] -- Installing: /home/jack/Desktop/jack_ws/chapt6/chapt6_ws/install/fishbot_description/share/fishbot_description/urdf/fishbot/fishbot.urdf.xacro
[0.771s] -- Installing: /home/jack/Desktop/jack_ws/chapt6/chapt6_ws/install/fishbot_description/share/fishbot_description/urdf/first_robot.urdf
[0.772s] -- Installing: /home/jack/Desktop/jack_ws/chapt6/chapt6_ws/install/fishbot_description/share/fishbot_description/urdf/first_robot.pdf
[0.772s] -- Installing: /home/jack/Desktop/jack_ws/chapt6/chapt6_ws/install/fishbot_description/share/fishbot_description/urdf/first_robot.gv
[0.773s] -- Installing: /home/jack/Desktop/jack_ws/chapt6/chapt6_ws/install/fishbot_description/share/fishbot_description/config
[0.773s] -- Installing: /home/jack/Desktop/jack_ws/chapt6/chapt6_ws/install/fishbot_description/share/fishbot_description/config/display_robot_model.rviz
[0.773s] -- Installing: /home/jack/Desktop/jack_ws/chapt6/chapt6_ws/install/fishbot_description/share/ament_index/resource_index/package_run_dependencies/fishbot_description
[0.773s] -- Installing: /home/jack/Desktop/jack_ws/chapt6/chapt6_ws/install/fishbot_description/share/ament_index/resource_index/parent_prefix_path/fishbot_description
[0.773s] -- Installing: /home/jack/Desktop/jack_ws/chapt6/chapt6_ws/install/fishbot_description/share/fishbot_description/environment/ament_prefix_path.sh
[0.774s] -- Installing: /home/jack/Desktop/jack_ws/chapt6/chapt6_ws/install/fishbot_description/share/fishbot_description/environment/ament_prefix_path.dsv
[0.774s] -- Installing: /home/jack/Desktop/jack_ws/chapt6/chapt6_ws/install/fishbot_description/share/fishbot_description/environment/path.sh
[0.774s] -- Installing: /home/jack/Desktop/jack_ws/chapt6/chapt6_ws/install/fishbot_description/share/fishbot_description/environment/path.dsv
[0.774s] -- Installing: /home/jack/Desktop/jack_ws/chapt6/chapt6_ws/install/fishbot_description/share/fishbot_description/local_setup.bash
[0.774s] -- Installing: /home/jack/Desktop/jack_ws/chapt6/chapt6_ws/install/fishbot_description/share/fishbot_description/local_setup.sh
[0.774s] -- Installing: /home/jack/Desktop/jack_ws/chapt6/chapt6_ws/install/fishbot_description/share/fishbot_description/local_setup.zsh
[0.774s] -- Installing: /home/jack/Desktop/jack_ws/chapt6/chapt6_ws/install/fishbot_description/share/fishbot_description/local_setup.dsv
[0.775s] -- Installing: /home/jack/Desktop/jack_ws/chapt6/chapt6_ws/install/fishbot_description/share/fishbot_description/package.dsv
[0.775s] -- Installing: /home/jack/Desktop/jack_ws/chapt6/chapt6_ws/install/fishbot_description/share/ament_index/resource_index/packages/fishbot_description
[0.775s] -- Installing: /home/jack/Desktop/jack_ws/chapt6/chapt6_ws/install/fishbot_description/share/fishbot_description/cmake/fishbot_descriptionConfig.cmake
[0.775s] -- Installing: /home/jack/Desktop/jack_ws/chapt6/chapt6_ws/install/fishbot_description/share/fishbot_description/cmake/fishbot_descriptionConfig-version.cmake
[0.775s] -- Installing: /home/jack/Desktop/jack_ws/chapt6/chapt6_ws/install/fishbot_description/share/fishbot_description/package.xml
[0.777s] Invoked command in '/home/jack/Desktop/jack_ws/chapt6/chapt6_ws/build/fishbot_description' returned '0': CMAKE_PREFIX_PATH=${CMAKE_PREFIX_PATH}:/opt/ros/humble /usr/bin/cmake --install /home/jack/Desktop/jack_ws/chapt6/chapt6_ws/build/fishbot_description
