[0.009s] Invoking command in '/home/jack/Desktop/jack_ws/chapt6/chapt6_ws/build/fishbot_description': CMAKE_PREFIX_PATH=/opt/ros/humble /usr/bin/cmake /home/jack/Desktop/jack_ws/chapt6/chapt6_ws/src/fishbot_description -DCMAKE_INSTALL_PREFIX=/home/jack/Desktop/jack_ws/chapt6/chapt6_ws/install/fishbot_description
[0.159s] -- The C compiler identification is GNU 11.4.0
[0.240s] -- The CXX compiler identification is GNU 11.4.0
[0.249s] -- Detecting C compiler ABI info
[0.319s] -- Detecting C compiler ABI info - done
[0.324s] -- Check for working C compiler: /usr/bin/cc - skipped
[0.325s] -- Detecting C compile features
[0.325s] -- Detecting C compile features - done
[0.330s] -- Detecting CXX compiler ABI info
[0.402s] -- Detecting CXX compiler ABI info - done
[0.408s] -- Check for working CXX compiler: /usr/bin/c++ - skipped
[0.408s] -- Detecting CXX compile features
[0.409s] -- Detecting CXX compile features - done
[0.414s] -- Found ament_cmake: 1.3.13 (/opt/ros/humble/share/ament_cmake/cmake)
[0.544s] -- Found Python3: /usr/bin/python3 (found version "3.10.12") found components: Interpreter 
[0.633s] -- Found urdf: 2.6.1 (/opt/ros/humble/share/urdf/cmake)
[0.690s] -- Found ament_lint_auto: 0.12.15 (/opt/ros/humble/share/ament_lint_auto/cmake)
[0.767s] -- Added test 'flake8' to check Python code syntax and style conventions
[0.769s] -- Added test 'lint_cmake' to check CMake code style
[0.770s] -- Added test 'pep257' to check Python code against some of the docstring style conventions in PEP 257
[0.779s] -- Added test 'xmllint' to check XML markup files
[0.781s] -- Configuring done
[0.784s] -- Generating done
[0.786s] -- Build files have been written to: /home/jack/Desktop/jack_ws/chapt6/chapt6_ws/build/fishbot_description
[0.791s] Invoked command in '/home/jack/Desktop/jack_ws/chapt6/chapt6_ws/build/fishbot_description' returned '0': CMAKE_PREFIX_PATH=/opt/ros/humble /usr/bin/cmake /home/jack/Desktop/jack_ws/chapt6/chapt6_ws/src/fishbot_description -DCMAKE_INSTALL_PREFIX=/home/jack/Desktop/jack_ws/chapt6/chapt6_ws/install/fishbot_description
[0.793s] Invoking command in '/home/jack/Desktop/jack_ws/chapt6/chapt6_ws/build/fishbot_description': CMAKE_PREFIX_PATH=/opt/ros/humble /usr/bin/cmake --build /home/jack/Desktop/jack_ws/chapt6/chapt6_ws/build/fishbot_description -- -j16 -l16
[0.829s] Invoked command in '/home/jack/Desktop/jack_ws/chapt6/chapt6_ws/build/fishbot_description' returned '0': CMAKE_PREFIX_PATH=/opt/ros/humble /usr/bin/cmake --build /home/jack/Desktop/jack_ws/chapt6/chapt6_ws/build/fishbot_description -- -j16 -l16
[0.838s] Invoking command in '/home/jack/Desktop/jack_ws/chapt6/chapt6_ws/build/fishbot_description': CMAKE_PREFIX_PATH=/opt/ros/humble /usr/bin/cmake --install /home/jack/Desktop/jack_ws/chapt6/chapt6_ws/build/fishbot_description
[0.844s] -- Install configuration: ""
[0.844s] -- Installing: /home/jack/Desktop/jack_ws/chapt6/chapt6_ws/install/fishbot_description/share/fishbot_description/launch
[0.844s] -- Installing: /home/jack/Desktop/jack_ws/chapt6/chapt6_ws/install/fishbot_description/share/fishbot_description/launch/build
[0.845s] -- Installing: /home/jack/Desktop/jack_ws/chapt6/chapt6_ws/install/fishbot_description/share/fishbot_description/launch/build/.built_by
[0.845s] -- Installing: /home/jack/Desktop/jack_ws/chapt6/chapt6_ws/install/fishbot_description/share/fishbot_description/launch/build/COLCON_IGNORE
[0.845s] -- Installing: /home/jack/Desktop/jack_ws/chapt6/chapt6_ws/install/fishbot_description/share/fishbot_description/launch/log
[0.845s] -- Installing: /home/jack/Desktop/jack_ws/chapt6/chapt6_ws/install/fishbot_description/share/fishbot_description/launch/log/latest_build
[0.845s] -- Installing: /home/jack/Desktop/jack_ws/chapt6/chapt6_ws/install/fishbot_description/share/fishbot_description/launch/log/build_2026-03-06_15-56-11
[0.845s] -- Installing: /home/jack/Desktop/jack_ws/chapt6/chapt6_ws/install/fishbot_description/share/fishbot_description/launch/log/build_2026-03-06_15-56-11/logger_all.log
[0.846s] -- Installing: /home/jack/Desktop/jack_ws/chapt6/chapt6_ws/install/fishbot_description/share/fishbot_description/launch/log/build_2026-03-06_15-56-11/events.log
[0.846s] -- Installing: /home/jack/Desktop/jack_ws/chapt6/chapt6_ws/install/fishbot_description/share/fishbot_description/launch/log/COLCON_IGNORE
[0.846s] -- Installing: /home/jack/Desktop/jack_ws/chapt6/chapt6_ws/install/fishbot_description/share/fishbot_description/launch/log/latest
[0.846s] -- Installing: /home/jack/Desktop/jack_ws/chapt6/chapt6_ws/install/fishbot_description/share/fishbot_description/launch/display_robot.launch.py
[0.846s] -- Installing: /home/jack/Desktop/jack_ws/chapt6/chapt6_ws/install/fishbot_description/share/fishbot_description/launch/gazebo_sim.launch.py
[0.847s] -- Installing: /home/jack/Desktop/jack_ws/chapt6/chapt6_ws/install/fishbot_description/share/fishbot_description/launch/install
[0.847s] -- Installing: /home/jack/Desktop/jack_ws/chapt6/chapt6_ws/install/fishbot_description/share/fishbot_description/launch/install/setup.bash
[0.847s] -- Installing: /home/jack/Desktop/jack_ws/chapt6/chapt6_ws/install/fishbot_description/share/fishbot_description/launch/install/.colcon_install_layout
[0.847s] -- Installing: /home/jack/Desktop/jack_ws/chapt6/chapt6_ws/install/fishbot_description/share/fishbot_description/launch/install/local_setup.zsh
[0.848s] -- Installing: /home/jack/Desktop/jack_ws/chapt6/chapt6_ws/install/fishbot_description/share/fishbot_description/launch/install/local_setup.sh
[0.848s] -- Installing: /home/jack/Desktop/jack_ws/chapt6/chapt6_ws/install/fishbot_description/share/fishbot_description/launch/install/_local_setup_util_ps1.py
[0.848s] -- Installing: /home/jack/Desktop/jack_ws/chapt6/chapt6_ws/install/fishbot_description/share/fishbot_description/launch/install/COLCON_IGNORE
[0.849s] -- Installing: /home/jack/Desktop/jack_ws/chapt6/chapt6_ws/install/fishbot_description/share/fishbot_description/launch/install/setup.zsh
[0.849s] -- Installing: /home/jack/Desktop/jack_ws/chapt6/chapt6_ws/install/fishbot_description/share/fishbot_description/launch/install/setup.sh
[0.849s] -- Installing: /home/jack/Desktop/jack_ws/chapt6/chapt6_ws/install/fishbot_description/share/fishbot_description/launch/install/local_setup.bash
[0.849s] -- Installing: /home/jack/Desktop/jack_ws/chapt6/chapt6_ws/install/fishbot_description/share/fishbot_description/launch/install/_local_setup_util_sh.py
[0.850s] -- Installing: /home/jack/Desktop/jack_ws/chapt6/chapt6_ws/install/fishbot_description/share/fishbot_description/launch/install/local_setup.ps1
[0.850s] -- Installing: /home/jack/Desktop/jack_ws/chapt6/chapt6_ws/install/fishbot_description/share/fishbot_description/launch/install/setup.ps1
[0.850s] -- Installing: /home/jack/Desktop/jack_ws/chapt6/chapt6_ws/install/fishbot_description/share/fishbot_description/urdf
[0.850s] -- Installing: /home/jack/Desktop/jack_ws/chapt6/chapt6_ws/install/fishbot_description/share/fishbot_description/urdf/first_robot.xacro
[0.851s] -- Installing: /home/jack/Desktop/jack_ws/chapt6/chapt6_ws/install/fishbot_description/share/fishbot_description/urdf/fishbot
[0.851s] -- Installing: /home/jack/Desktop/jack_ws/chapt6/chapt6_ws/install/fishbot_description/share/fishbot_description/urdf/fishbot/actuator
[0.851s] -- Installing: /home/jack/Desktop/jack_ws/chapt6/chapt6_ws/install/fishbot_description/share/fishbot_description/urdf/fishbot/actuator/wheel.urdf.xacro
[0.851s] -- Installing: /home/jack/Desktop/jack_ws/chapt6/chapt6_ws/install/fishbot_description/share/fishbot_description/urdf/fishbot/actuator/caster.urdf.xacro
[0.851s] -- Installing: /home/jack/Desktop/jack_ws/chapt6/chapt6_ws/install/fishbot_description/share/fishbot_description/urdf/fishbot/sensor
[0.852s] -- Installing: /home/jack/Desktop/jack_ws/chapt6/chapt6_ws/install/fishbot_description/share/fishbot_description/urdf/fishbot/sensor/laser.urdf.xacro
[0.852s] -- Installing: /home/jack/Desktop/jack_ws/chapt6/chapt6_ws/install/fishbot_description/share/fishbot_description/urdf/fishbot/sensor/camera.urdf.xacro
[0.852s] -- Installing: /home/jack/Desktop/jack_ws/chapt6/chapt6_ws/install/fishbot_description/share/fishbot_description/urdf/fishbot/sensor/imu.urdf.xacro
[0.852s] -- Installing: /home/jack/Desktop/jack_ws/chapt6/chapt6_ws/install/fishbot_description/share/fishbot_description/urdf/fishbot/base.urdf.xacro
[0.853s] -- Installing: /home/jack/Desktop/jack_ws/chapt6/chapt6_ws/install/fishbot_description/share/fishbot_description/urdf/fishbot/fishbot.urdf.xacro
[0.853s] -- Installing: /home/jack/Desktop/jack_ws/chapt6/chapt6_ws/install/fishbot_description/share/fishbot_description/urdf/first_robot.urdf
[0.853s] -- Installing: /home/jack/Desktop/jack_ws/chapt6/chapt6_ws/install/fishbot_description/share/fishbot_description/urdf/first_robot.pdf
[0.853s] -- Installing: /home/jack/Desktop/jack_ws/chapt6/chapt6_ws/install/fishbot_description/share/fishbot_description/urdf/first_robot.gv
[0.854s] -- Installing: /home/jack/Desktop/jack_ws/chapt6/chapt6_ws/install/fishbot_description/share/fishbot_description/config
[0.854s] -- Installing: /home/jack/Desktop/jack_ws/chapt6/chapt6_ws/install/fishbot_description/share/ament_index/resource_index/package_run_dependencies/fishbot_description
[0.854s] -- Installing: /home/jack/Desktop/jack_ws/chapt6/chapt6_ws/install/fishbot_description/share/ament_index/resource_index/parent_prefix_path/fishbot_description
[0.854s] -- Installing: /home/jack/Desktop/jack_ws/chapt6/chapt6_ws/install/fishbot_description/share/fishbot_description/environment/ament_prefix_path.sh
[0.855s] -- Installing: /home/jack/Desktop/jack_ws/chapt6/chapt6_ws/install/fishbot_description/share/fishbot_description/environment/ament_prefix_path.dsv
[0.855s] -- Installing: /home/jack/Desktop/jack_ws/chapt6/chapt6_ws/install/fishbot_description/share/fishbot_description/environment/path.sh
[0.855s] -- Installing: /home/jack/Desktop/jack_ws/chapt6/chapt6_ws/install/fishbot_description/share/fishbot_description/environment/path.dsv
[0.855s] -- Installing: /home/jack/Desktop/jack_ws/chapt6/chapt6_ws/install/fishbot_description/share/fishbot_description/local_setup.bash
[0.855s] -- Installing: /home/jack/Desktop/jack_ws/chapt6/chapt6_ws/install/fishbot_description/share/fishbot_description/local_setup.sh
[0.855s] -- Installing: /home/jack/Desktop/jack_ws/chapt6/chapt6_ws/install/fishbot_description/share/fishbot_description/local_setup.zsh
[0.856s] -- Installing: /home/jack/Desktop/jack_ws/chapt6/chapt6_ws/install/fishbot_description/share/fishbot_description/local_setup.dsv
[0.856s] -- Installing: /home/jack/Desktop/jack_ws/chapt6/chapt6_ws/install/fishbot_description/share/fishbot_description/package.dsv
[0.856s] -- Installing: /home/jack/Desktop/jack_ws/chapt6/chapt6_ws/install/fishbot_description/share/ament_index/resource_index/packages/fishbot_description
[0.856s] -- Installing: /home/jack/Desktop/jack_ws/chapt6/chapt6_ws/install/fishbot_description/share/fishbot_description/cmake/fishbot_descriptionConfig.cmake
[0.856s] -- Installing: /home/jack/Desktop/jack_ws/chapt6/chapt6_ws/install/fishbot_description/share/fishbot_description/cmake/fishbot_descriptionConfig-version.cmake
[0.856s] -- Installing: /home/jack/Desktop/jack_ws/chapt6/chapt6_ws/install/fishbot_description/share/fishbot_description/package.xml
[0.858s] Invoked command in '/home/jack/Desktop/jack_ws/chapt6/chapt6_ws/build/fishbot_description' returned '0': CMAKE_PREFIX_PATH=/opt/ros/humble /usr/bin/cmake --install /home/jack/Desktop/jack_ws/chapt6/chapt6_ws/build/fishbot_description
