[0.009s] Invoking command in '/home/jack/Desktop/jack_ws/chapt6/build/fishbot_description': CMAKE_PREFIX_PATH=/opt/ros/humble /usr/bin/cmake /home/jack/Desktop/jack_ws/chapt6/chapt6_ws/src/fishbot_description -DCMAKE_INSTALL_PREFIX=/home/jack/Desktop/jack_ws/chapt6/install/fishbot_description
[0.119s] -- The C compiler identification is GNU 11.4.0
[0.193s] -- The CXX compiler identification is GNU 11.4.0
[0.202s] -- Detecting C compiler ABI info
[0.274s] -- Detecting C compiler ABI info - done
[0.280s] -- Check for working C compiler: /usr/bin/cc - skipped
[0.280s] -- Detecting C compile features
[0.280s] -- Detecting C compile features - done
[0.283s] -- Detecting CXX compiler ABI info
[0.357s] -- Detecting CXX compiler ABI info - done
[0.363s] -- Check for working CXX compiler: /usr/bin/c++ - skipped
[0.363s] -- Detecting CXX compile features
[0.364s] -- Detecting CXX compile features - done
[0.385s] -- Found ament_cmake: 1.3.13 (/opt/ros/humble/share/ament_cmake/cmake)
[0.534s] -- Found Python3: /usr/bin/python3 (found version "3.10.12") found components: Interpreter 
[0.687s] -- Found ament_lint_auto: 0.12.15 (/opt/ros/humble/share/ament_lint_auto/cmake)
[0.765s] -- Added test 'lint_cmake' to check CMake code style
[0.767s] -- Added test 'xmllint' to check XML markup files
[0.768s] -- Configuring done
[0.772s] -- Generating done
[0.774s] -- Build files have been written to: /home/jack/Desktop/jack_ws/chapt6/build/fishbot_description
[0.779s] Invoked command in '/home/jack/Desktop/jack_ws/chapt6/build/fishbot_description' returned '0': CMAKE_PREFIX_PATH=/opt/ros/humble /usr/bin/cmake /home/jack/Desktop/jack_ws/chapt6/chapt6_ws/src/fishbot_description -DCMAKE_INSTALL_PREFIX=/home/jack/Desktop/jack_ws/chapt6/install/fishbot_description
[0.781s] Invoking command in '/home/jack/Desktop/jack_ws/chapt6/build/fishbot_description': CMAKE_PREFIX_PATH=/opt/ros/humble /usr/bin/cmake --build /home/jack/Desktop/jack_ws/chapt6/build/fishbot_description -- -j16 -l16
[0.820s] Invoked command in '/home/jack/Desktop/jack_ws/chapt6/build/fishbot_description' returned '0': CMAKE_PREFIX_PATH=/opt/ros/humble /usr/bin/cmake --build /home/jack/Desktop/jack_ws/chapt6/build/fishbot_description -- -j16 -l16
[0.831s] Invoking command in '/home/jack/Desktop/jack_ws/chapt6/build/fishbot_description': CMAKE_PREFIX_PATH=/opt/ros/humble /usr/bin/cmake --install /home/jack/Desktop/jack_ws/chapt6/build/fishbot_description
[0.838s] -- Install configuration: ""
[0.838s] -- Installing: /home/jack/Desktop/jack_ws/chapt6/install/fishbot_description/share/ament_index/resource_index/package_run_dependencies/fishbot_description
[0.838s] -- Installing: /home/jack/Desktop/jack_ws/chapt6/install/fishbot_description/share/ament_index/resource_index/parent_prefix_path/fishbot_description
[0.839s] -- Installing: /home/jack/Desktop/jack_ws/chapt6/install/fishbot_description/share/fishbot_description/environment/ament_prefix_path.sh
[0.839s] -- Installing: /home/jack/Desktop/jack_ws/chapt6/install/fishbot_description/share/fishbot_description/environment/ament_prefix_path.dsv
[0.839s] -- Installing: /home/jack/Desktop/jack_ws/chapt6/install/fishbot_description/share/fishbot_description/environment/path.sh
[0.839s] -- Installing: /home/jack/Desktop/jack_ws/chapt6/install/fishbot_description/share/fishbot_description/environment/path.dsv
[0.839s] -- Installing: /home/jack/Desktop/jack_ws/chapt6/install/fishbot_description/share/fishbot_description/local_setup.bash
[0.840s] -- Installing: /home/jack/Desktop/jack_ws/chapt6/install/fishbot_description/share/fishbot_description/local_setup.sh
[0.840s] -- Installing: /home/jack/Desktop/jack_ws/chapt6/install/fishbot_description/share/fishbot_description/local_setup.zsh
[0.840s] -- Installing: /home/jack/Desktop/jack_ws/chapt6/install/fishbot_description/share/fishbot_description/local_setup.dsv
[0.840s] -- Installing: /home/jack/Desktop/jack_ws/chapt6/install/fishbot_description/share/fishbot_description/package.dsv
[0.841s] -- Installing: /home/jack/Desktop/jack_ws/chapt6/install/fishbot_description/share/ament_index/resource_index/packages/fishbot_description
[0.841s] -- Installing: /home/jack/Desktop/jack_ws/chapt6/install/fishbot_description/share/fishbot_description/cmake/fishbot_descriptionConfig.cmake
[0.841s] -- Installing: /home/jack/Desktop/jack_ws/chapt6/install/fishbot_description/share/fishbot_description/cmake/fishbot_descriptionConfig-version.cmake
[0.841s] -- Installing: /home/jack/Desktop/jack_ws/chapt6/install/fishbot_description/share/fishbot_description/package.xml
[0.843s] Invoked command in '/home/jack/Desktop/jack_ws/chapt6/build/fishbot_description' returned '0': CMAKE_PREFIX_PATH=/opt/ros/humble /usr/bin/cmake --install /home/jack/Desktop/jack_ws/chapt6/build/fishbot_description
