[0.009s] Invoking command in '/home/jack/Desktop/jack_ws/chapt6/chapt6_ws/build/fishbot_description': CMAKE_PREFIX_PATH=/opt/ros/humble /usr/bin/cmake --build /home/jack/Desktop/jack_ws/chapt6/chapt6_ws/build/fishbot_description -- -j16 -l16
[0.047s] Invoked command in '/home/jack/Desktop/jack_ws/chapt6/chapt6_ws/build/fishbot_description' returned '0': CMAKE_PREFIX_PATH=/opt/ros/humble /usr/bin/cmake --build /home/jack/Desktop/jack_ws/chapt6/chapt6_ws/build/fishbot_description -- -j16 -l16
[0.057s] Invoking command in '/home/jack/Desktop/jack_ws/chapt6/chapt6_ws/build/fishbot_description': CMAKE_PREFIX_PATH=/opt/ros/humble /usr/bin/cmake --install /home/jack/Desktop/jack_ws/chapt6/chapt6_ws/build/fishbot_description
[0.063s] -- Install configuration: ""
[0.064s] -- Up-to-date: /home/jack/Desktop/jack_ws/chapt6/chapt6_ws/install/fishbot_description/share/fishbot_description/launch
[0.064s] -- Up-to-date: /home/jack/Desktop/jack_ws/chapt6/chapt6_ws/install/fishbot_description/share/fishbot_description/launch/display_robot.launch.py
[0.064s] -- Up-to-date: /home/jack/Desktop/jack_ws/chapt6/chapt6_ws/install/fishbot_description/share/fishbot_description/launch/gazebo_sim.launch.py
[0.064s] -- Up-to-date: /home/jack/Desktop/jack_ws/chapt6/chapt6_ws/install/fishbot_description/share/fishbot_description/urdf
[0.064s] -- Up-to-date: /home/jack/Desktop/jack_ws/chapt6/chapt6_ws/install/fishbot_description/share/fishbot_description/urdf/first_robot.xacro
[0.064s] -- Up-to-date: /home/jack/Desktop/jack_ws/chapt6/chapt6_ws/install/fishbot_description/share/fishbot_description/urdf/fishbot
[0.064s] -- Up-to-date: /home/jack/Desktop/jack_ws/chapt6/chapt6_ws/install/fishbot_description/share/fishbot_description/urdf/fishbot/actuator
[0.064s] -- Up-to-date: /home/jack/Desktop/jack_ws/chapt6/chapt6_ws/install/fishbot_description/share/fishbot_description/urdf/fishbot/actuator/wheel.urdf.xacro
[0.064s] -- Up-to-date: /home/jack/Desktop/jack_ws/chapt6/chapt6_ws/install/fishbot_description/share/fishbot_description/urdf/fishbot/actuator/caster.urdf.xacro
[0.064s] -- Up-to-date: /home/jack/Desktop/jack_ws/chapt6/chapt6_ws/install/fishbot_description/share/fishbot_description/urdf/fishbot/sensor
[0.064s] -- Up-to-date: /home/jack/Desktop/jack_ws/chapt6/chapt6_ws/install/fishbot_description/share/fishbot_description/urdf/fishbot/sensor/laser.urdf.xacro
[0.064s] -- Up-to-date: /home/jack/Desktop/jack_ws/chapt6/chapt6_ws/install/fishbot_description/share/fishbot_description/urdf/fishbot/sensor/camera.urdf.xacro
[0.064s] -- Up-to-date: /home/jack/Desktop/jack_ws/chapt6/chapt6_ws/install/fishbot_description/share/fishbot_description/urdf/fishbot/sensor/imu.urdf.xacro
[0.064s] -- Up-to-date: /home/jack/Desktop/jack_ws/chapt6/chapt6_ws/install/fishbot_description/share/fishbot_description/urdf/fishbot/base.urdf.xacro
[0.065s] -- Up-to-date: /home/jack/Desktop/jack_ws/chapt6/chapt6_ws/install/fishbot_description/share/fishbot_description/urdf/fishbot/fishbot.urdf.xacro
[0.065s] -- Up-to-date: /home/jack/Desktop/jack_ws/chapt6/chapt6_ws/install/fishbot_description/share/fishbot_description/urdf/first_robot.urdf
[0.065s] -- Up-to-date: /home/jack/Desktop/jack_ws/chapt6/chapt6_ws/install/fishbot_description/share/fishbot_description/urdf/first_robot.pdf
[0.065s] -- Up-to-date: /home/jack/Desktop/jack_ws/chapt6/chapt6_ws/install/fishbot_description/share/fishbot_description/urdf/first_robot.gv
[0.065s] -- Up-to-date: /home/jack/Desktop/jack_ws/chapt6/chapt6_ws/install/fishbot_description/share/fishbot_description/config
[0.065s] -- Up-to-date: /home/jack/Desktop/jack_ws/chapt6/chapt6_ws/install/fishbot_description/share/fishbot_description/config/display_robot_model.rviz
[0.065s] -- Up-to-date: /home/jack/Desktop/jack_ws/chapt6/chapt6_ws/install/fishbot_description/share/ament_index/resource_index/package_run_dependencies/fishbot_description
[0.065s] -- Up-to-date: /home/jack/Desktop/jack_ws/chapt6/chapt6_ws/install/fishbot_description/share/ament_index/resource_index/parent_prefix_path/fishbot_description
[0.065s] -- Up-to-date: /home/jack/Desktop/jack_ws/chapt6/chapt6_ws/install/fishbot_description/share/fishbot_description/environment/ament_prefix_path.sh
[0.065s] -- Up-to-date: /home/jack/Desktop/jack_ws/chapt6/chapt6_ws/install/fishbot_description/share/fishbot_description/environment/ament_prefix_path.dsv
[0.065s] -- Up-to-date: /home/jack/Desktop/jack_ws/chapt6/chapt6_ws/install/fishbot_description/share/fishbot_description/environment/path.sh
[0.065s] -- Up-to-date: /home/jack/Desktop/jack_ws/chapt6/chapt6_ws/install/fishbot_description/share/fishbot_description/environment/path.dsv
[0.065s] -- Up-to-date: /home/jack/Desktop/jack_ws/chapt6/chapt6_ws/install/fishbot_description/share/fishbot_description/local_setup.bash
[0.065s] -- Up-to-date: /home/jack/Desktop/jack_ws/chapt6/chapt6_ws/install/fishbot_description/share/fishbot_description/local_setup.sh
[0.065s] -- Up-to-date: /home/jack/Desktop/jack_ws/chapt6/chapt6_ws/install/fishbot_description/share/fishbot_description/local_setup.zsh
[0.065s] -- Up-to-date: /home/jack/Desktop/jack_ws/chapt6/chapt6_ws/install/fishbot_description/share/fishbot_description/local_setup.dsv
[0.065s] -- Installing: /home/jack/Desktop/jack_ws/chapt6/chapt6_ws/install/fishbot_description/share/fishbot_description/package.dsv
[0.066s] -- Up-to-date: /home/jack/Desktop/jack_ws/chapt6/chapt6_ws/install/fishbot_description/share/ament_index/resource_index/packages/fishbot_description
[0.066s] -- Up-to-date: /home/jack/Desktop/jack_ws/chapt6/chapt6_ws/install/fishbot_description/share/fishbot_description/cmake/fishbot_descriptionConfig.cmake
[0.066s] -- Up-to-date: /home/jack/Desktop/jack_ws/chapt6/chapt6_ws/install/fishbot_description/share/fishbot_description/cmake/fishbot_descriptionConfig-version.cmake
[0.066s] -- Up-to-date: /home/jack/Desktop/jack_ws/chapt6/chapt6_ws/install/fishbot_description/share/fishbot_description/package.xml
[0.068s] Invoked command in '/home/jack/Desktop/jack_ws/chapt6/chapt6_ws/build/fishbot_description' returned '0': CMAKE_PREFIX_PATH=/opt/ros/humble /usr/bin/cmake --install /home/jack/Desktop/jack_ws/chapt6/chapt6_ws/build/fishbot_description
